# Logfile created on 2019-03-27 21:27:42 -0700 by logger.rb/v1.3.0

**************************************************************************************
Feature: BAT (Smoke Tests)
Scenario: BR - Create and Delete a Business Rules
Tags: ["@AppEngine", "@AppEngine_BAT", "@AppEngine_BAT_24", "@Studio", "@Studio_BAT", "@Studio_BAT_24"]
Total steps: 12
***************************************************************************************

Browser window maximized
Browser cookies deleted
Sleeping for 5 seconds before Predix_landing page is loaded
Predix landing page displayed
Open Application button validated
Page Title matches 'Predix Login'
Predix landing page URL validated
Sleeping for 1 seconds for the mouse to hove over the open_application button
Clicked on open_application button on the  page
Sleeping for 3 seconds after clicking open_application button
Sleeping for 5 seconds before Predix_login page is loaded
Predix Login page displayed
Predix Login page NOT validated
Entered credentials and clicked Sign In
Sleeping for 3 seconds to check credentials on Predix_Login page
Application authorization not needed
Sleeping for 5 seconds before Welcome page is loaded
Welcomeis displayed
Validated expected element in  Welcome page
Validated expected url in  Welcome page
Validated expected title in  Welcome page
Navigated to Business Rules URL
Sleeping for 10 seconds for the Business Rules to load
Rules Configuration grid has more than 1 records
Sleeping for 3 seconds to check Rules Configuration grid has more than 1 records
Sleeping for 1 seconds for the mouse to hove over the add button
Clicked on add button on the  page
Sleeping for 3 seconds after clicking add button
Sleeping for 5 seconds before Add Rule popup is loaded
Popup title matches Add Rule
Sleeping for 3 seconds to check AppEngine_BAT_BR is populated on Add Rule
Sleeping for 3 seconds after clicking insert/save on popup
{} data populated into the popup and inserted/saved
The record with ID 383725c8-8d2d-411e-bab5-fb89683c5f16 has been saved message displayed
Sleeping for 3 seconds to check The record with ID 383725c8-8d2d-411e-bab5-fb89683c5f16 has been saved message is displayed
Sleeping for 9 seconds before entering values in  search box
Entered AppEngine_BAT_BR text into name search field and hit enter
Sleeping for 3 seconds after hitting enter for searching
AppEngine_BAT_BR record displayed on the Rules Configuration grid 
Sleeping for 3 seconds to check AppEngine_BAT_BR record is displayed on the Rules Configuration grid
Sleeping for 3 seconds after clicking on delete button from Rules Configuration grid 
Sleeping for 9 seconds before entering values in  search box
Entered AppEngine_BAT_BR text into name search field and hit enter
Sleeping for 3 seconds after hitting enter for searching
AppEngine_BAT_BR not displayed in the grid
Browser closed

**************************************************************************************
Status: passed
***************************************************************************************

