# Logfile created on 2019-03-27 21:29:22 -0700 by logger.rb/v1.3.0

**************************************************************************************
Feature: BAT (Smoke Tests)
Scenario: AM - Install and Uninstall an App
Tags: ["@AppEngine", "@AppEngine_BAT", "@AppEngine_BAT_25"]
Total steps: 18
***************************************************************************************

Browser window maximized
Browser cookies deleted
Sleeping for 5 seconds before Predix_landing page is loaded
Predix landing page displayed
Open Application button validated
Page Title matches 'Predix Login'
Predix landing page URL validated
Sleeping for 1 seconds for the mouse to hove over the open_application button
Clicked on open_application button on the  page
Sleeping for 3 seconds after clicking open_application button
Sleeping for 5 seconds before Predix_login page is loaded
Predix Login page displayed
Predix Login page NOT validated
Entered credentials and clicked Sign In
Sleeping for 3 seconds to check credentials on Predix_Login page
Application authorization not needed
Sleeping for 5 seconds before Welcome page is loaded
Welcomeis displayed
Validated expected element in  Welcome page
Validated expected url in  Welcome page
Validated expected title in  Welcome page
Navigated to Application Management URL
Sleeping for 10 seconds for the Application Management to load
Sleeping for 9 seconds before entering values in  search box
Entered qa.assets text into name search field and hit enter
Sleeping for 3 seconds after hitting enter for searching
qa.assets not displayed in the grid
File AppEngine_BAT_AM.gz uploaded into the grid
Sleeping for 6 seconds for the AppEngine_BAT_AM.gz file to be uploaded into the grid
qa.assets displayed in the grid
Sleeping for 1 seconds for the mouse to hove over the install icon
Clicked on install button on the  page
Sleeping for 3 seconds after clicking install icon
Failed tags added to the failed_tags.txt file
Screenshot from failed tags attached to the html report
Browser closed

**************************************************************************************
Status: failed
***************************************************************************************

