# Logfile created on 2019-03-25 21:24:36 -0700 by logger.rb/v1.3.0

**************************************************************************************
Feature: BAT (Smoke Tests)
Scenario: AM - Install and Uninstall an App
Tags: ["@AppEngine", "@AppEngine_BAT", "@AppEngine_BAT_25"]
Total steps: 18
***************************************************************************************

Browser opened
Browser window maximized
Browser cookies deleted
Sleeping for 5 seconds before Predix_landing page is loaded
Predix landing page displayed
Open Application button validated
Page Title matches 'Predix Login'
Predix landing page URL validated
Sleeping for 1 seconds for the mouse to hove over the open_application button
Clicked on open_application button on the  page
Sleeping for 3 seconds after clicking open_application button
Sleeping for 5 seconds before Predix_login page is loaded
Predix Login page displayed
Predix Login page NOT validated
Entered credentials and clicked Sign In
Sleeping for 3 seconds to check credentials on Predix_Login page
Application authorization not needed
Sleeping for 5 seconds before Welcome page is loaded
Welcomeis displayed
Validated expected element in  Welcome page
Validated expected url in  Welcome page
Validated expected title in  Welcome page
Navigated to Application Management URL
Sleeping for 10 seconds for the Application Management to load
Sleeping for 9 seconds before entering values in  search box
Entered qa.assets text into name search field and hit enter
Sleeping for 3 seconds after hitting enter for searching
qa.assets not displayed in the grid
File AppEngine_BAT_AM.gz uploaded into the grid
Sleeping for 6 seconds for the AppEngine_BAT_AM.gz file to be uploaded into the grid
qa.assets displayed in the grid
Sleeping for 1 seconds for the mouse to hove over the install icon
Clicked on install button on the  page
Sleeping for 3 seconds after clicking install icon
Installed the application artifacts. message displayed
Sleeping for 3 seconds to check Installed the application artifacts. message is displayed
Sleeping for 5 seconds for the page to refresh
Sleeping for 5 seconds Predix Apps
Sleeping for 4 seconds Predix Apps
Sleeping for 5 seconds before QA Assets page is loaded
QA Assetsis displayed
Validated expected element in  QA Assets page
Validated expected url in  QA Assets page
Validated expected title in  QA Assets page
QA Assets page URL validated
Page Title matches with 'QA Assets'
Navigated to Application Management URL
Sleeping for 10 seconds for the Application Management to load
Sleeping for 1 seconds for the mouse to hove over the uninstall_app icon
Clicked on uninstall_app button on the  page
Sleeping for 3 seconds after clicking uninstall_app icon
Application is successfully uninstalled. message displayed
Sleeping for 3 seconds to check Application is successfully uninstalled. message is displayed
Sleeping for 3 seconds after clicking on delete button from Application Manager grid 
qa.assets record deleted from Application Manager grid 
Sleeping for 12 seconds after deleting qa.assets record from Application Manager grid
qa.assets not displayed in the grid
Browser closed

**************************************************************************************
Status: passed
***************************************************************************************

