# Logfile created on 2019-03-22 15:18:33 -0700 by logger.rb/v1.3.0

**************************************************************************************
Feature: About Feature(Functional Validation)
Scenario: Verify the description displayed in Appengine About page
Tags: ["@AppEngine_About"]
Total steps: 3
***************************************************************************************

Browser opened
Browser window maximized
Browser cookies deleted
Sleeping for 5 seconds before Studio_landing page is loaded
Predix landing page displayed
Open Application button validated
Page Title matches 'Predix Login'
Predix landing page URL validated
Sleeping for 1 seconds for the mouse to hove over the open_application button
Clicked on open_application button on the  page
Sleeping for 3 seconds after clicking open_application button
Sleeping for 5 seconds before Predix Studio Login page is loaded
Failed tags added to the failed_tags.txt file
Screenshot from failed tags attached to the html report
Browser closed

**************************************************************************************
Status: failed
***************************************************************************************

