# Logfile created on 2019-03-28 14:10:26 -0700 by logger.rb/v1.3.0

**************************************************************************************
Feature: BAT (Smoke Tests)
Scenario: OT - Validate Business Rules Page Rendering
Tags: ["@AppEngine", "@AppEngine_BAT", "@AppEngine_BAT_05", "@Studio", "@Studio_BAT", "@Studio_BAT_05"]
Total steps: 5
***************************************************************************************

Browser opened
Browser window maximized
Browser cookies deleted
Sleeping for 5 seconds before Predix_landing page is loaded
Predix landing page displayed
Open Application button validated
Page Title matches 'Predix Login'
Predix landing page URL validated
Sleeping for 1 seconds for the mouse to hove over the open_application button
Clicked on open_application button on the  page
Sleeping for 3 seconds after clicking open_application button
Sleeping for 5 seconds before Predix_login page is loaded
Predix Login page displayed
Predix Login page NOT validated
Entered credentials and clicked Sign In
Sleeping for 3 seconds to check credentials on Predix_Login page
Application authorization not needed
Sleeping for 5 seconds before Welcome page is loaded
Welcomeis displayed
Validated expected element in  Welcome page
Validated expected url in  Welcome page
Validated expected title in  Welcome page
Sleeping for 5 seconds Tools
Sleeping for 4 seconds Tools
Sleeping for 5 seconds Tools
Sleeping for 4 seconds Tools
Sleeping for 5 seconds before Business Rules page is loaded
Business Rulesis displayed
Validated expected element in  Business Rules page
Validated expected url in  Business Rules page
Validated expected title in  Business Rules page
Business Rules page URL validated
Page Title matches with 'Business Rules Manager'
Browser closed

**************************************************************************************
Status: passed
***************************************************************************************

