# Logfile created on 2019-03-26 16:29:41 -0700 by logger.rb/v1.3.0

**************************************************************************************
Feature: Business Rules(Functional Validation)
Scenario: Create and Delete "Email" Business Rules
Tags: ["@AppEngine_BusinessRules", "@Studio_BusinessRules", "@Portal_BusinessRules", "@AppEngine_BusinessRules_01"]
Total steps: 29
***************************************************************************************

Browser opened
Browser window maximized
Browser cookies deleted
Sleeping for 5 seconds before Predix_landing page is loaded
Predix landing page displayed
Open Application button validated
Page Title matches 'Predix Login'
Predix landing page URL validated
Sleeping for 1 seconds for the mouse to hove over the open_application button
Clicked on open_application button on the  page
Sleeping for 3 seconds after clicking open_application button
Sleeping for 5 seconds before Predix_login page is loaded
Predix Login page displayed
Predix Login page NOT validated
Entered credentials and clicked Sign In
Sleeping for 3 seconds to check credentials on Predix_Login page
Application authorization not needed
Sleeping for 5 seconds before Welcome page is loaded
Welcomeis displayed
Validated expected element in  Welcome page
Validated expected url in  Welcome page
Validated expected title in  Welcome page
Navigated to Business Rules URL
Sleeping for 10 seconds for the Business Rules to load
Sleeping for 9 seconds before entering values in  search box
Entered AppEngine_Micro_Business_Rule text into name search field and hit enter
Sleeping for 3 seconds after hitting enter for searching
Failed tags added to the failed_tags.txt file
Screenshot from failed tags attached to the html report
Browser closed

**************************************************************************************
Status: failed
***************************************************************************************

