# Logfile created on 2019-03-27 22:29:00 -0700 by logger.rb/v1.3.0

**************************************************************************************
Feature: BAT (Smoke Tests)
Scenario: MM - Delete Menu Item/Topic/Category
Tags: ["@AppEngine", "@AppEngine_BAT", "@AppEngine_BAT_27", "@Studio", "@Studio_BAT", "@Studio_BAT_27"]
Total steps: 9
***************************************************************************************

Browser window maximized
Browser cookies deleted
Sleeping for 5 seconds before Predix_landing page is loaded
Predix landing page displayed
Open Application button validated
Page Title matches 'Predix Login'
Predix landing page URL validated
Sleeping for 1 seconds for the mouse to hove over the open_application button
Clicked on open_application button on the  page
Sleeping for 3 seconds after clicking open_application button
Sleeping for 5 seconds before Predix_login page is loaded
Predix Login page displayed
Predix Login page NOT validated
Entered credentials and clicked Sign In
Sleeping for 3 seconds to check credentials on Predix_Login page
Application authorization not needed
Sleeping for 5 seconds before Welcome page is loaded
Welcomeis displayed
Validated expected element in  Welcome page
Validated expected url in  Welcome page
Validated expected title in  Welcome page
Navigated to Menu Manager URL
Sleeping for 10 seconds for the Menu Manager to load
Sleeping for 3 seconds before clicking AppEngine BAT MM Item setting
Clicked on AppEngine BAT MM Item setting
Sleeping for 3 seconds after clicking AppEngine BAT MM Item setting
Sleeping for 1 seconds for the mouse to hove over the delete button
Clicked on delete button on the  page
Sleeping for 3 seconds after clicking delete button
Sleeping for 3 seconds before clicking AppEngine BAT MM Top setting
Clicked on AppEngine BAT MM Top setting
Sleeping for 3 seconds after clicking AppEngine BAT MM Top setting
Sleeping for 1 seconds for the mouse to hove over the delete button
Clicked on delete button on the  page
Sleeping for 3 seconds after clicking delete button
Sleeping for 3 seconds before clicking AppEngine BAT MM Cat setting
Clicked on AppEngine BAT MM Cat setting
Sleeping for 3 seconds after clicking AppEngine BAT MM Cat setting
Sleeping for 1 seconds for the mouse to hove over the delete button
Clicked on delete button on the  page
Sleeping for 3 seconds after clicking delete button
AppEngine BAT MM Cat menu not displayed
Browser closed

**************************************************************************************
Status: passed
***************************************************************************************

