# Logfile created on 2019-03-23 09:46:48 -0700 by logger.rb/v1.3.0

**************************************************************************************
Feature: About Feature(Functional Validation)
Scenario: Verify the description displayed in Studio engine About page
Tags: ["@Studio_About"]
Total steps: 9
***************************************************************************************

Browser opened
Browser window maximized
Browser cookies deleted
Sleeping for 5 seconds before Studio_landing page is loaded
Predix landing page displayed
Open Application button validated
Page Title matches 'Predix Login'
Predix landing page URL validated
Sleeping for 1 seconds for the mouse to hove over the open_application button
Clicked on open_application button on the  page
Sleeping for 3 seconds after clicking open_application button
Sleeping for 5 seconds before Predix Studio Login page is loaded
Predix Studio Loginis displayed
Validated expected element in  Predix Studio Login page
Validated expected url in  Predix Studio Login page
Validated expected title in  Predix Studio Login page
Entered email and clicked Next
Sleeping for 3 seconds to check credentials on Predix Studio Login page
Sleeping for 5 seconds before Predix Studio Login page is loaded
Single Sign On page displayed
Single Sign On page NOT validated
Entered SSO 502779471 credentials and clicked Log In
Sleeping for 3 seconds to check credentials on Single Sign On page
Sleeping for 5 seconds before Welcome page is loaded
Welcomeis displayed
Validated expected element in  Welcome page
Validated expected url in  Welcome page
Validated expected title in  Welcome page
Sleeping for 10 seconds for the About Predix Studio to load
10.6 is displayed as Appengine version in About Predix Studio page 
Navigated to About Predix Studio URL
Sleeping for 10 seconds for the About Predix Studio to load
Field content is displayed with Studio_About_Content
Field Version Number is displayed with 10.6
Field Host Name is displayed with localhost
Field Copyright is displayed with 2009 - 2019 GE Digital. | All rights reserved
Failed tags added to the failed_tags.txt file
Screenshot from failed tags attached to the html report
Browser closed

**************************************************************************************
Status: failed
***************************************************************************************

