# Logfile created on 2019-03-27 21:33:20 -0700 by logger.rb/v1.3.0

**************************************************************************************
Feature: BAT (Smoke Tests)
Scenario: MM - Add and Remove an Indicator
Tags: ["@AppEngine", "@AppEngine_BAT", "@AppEngine_BAT_27", "@Studio", "@Studio_BAT", "@Studio_BAT_27"]
Total steps: 14
***************************************************************************************

Browser window maximized
Browser cookies deleted
Sleeping for 5 seconds before Predix_landing page is loaded
Predix landing page displayed
Open Application button validated
Page Title matches 'Predix Login'
Predix landing page URL validated
Sleeping for 1 seconds for the mouse to hove over the open_application button
Clicked on open_application button on the  page
Sleeping for 3 seconds after clicking open_application button
Sleeping for 5 seconds before Predix_login page is loaded
Predix Login page displayed
Predix Login page NOT validated
Entered credentials and clicked Sign In
Sleeping for 3 seconds to check credentials on Predix_Login page
Application authorization not needed
Sleeping for 5 seconds before Welcome page is loaded
Welcomeis displayed
Validated expected element in  Welcome page
Validated expected url in  Welcome page
Validated expected title in  Welcome page
Navigated to AppEngine BAT MM Item URL
Sleeping for 10 seconds for the AppEngine BAT MM Item to load
Sleeping for 1 seconds for the mouse to hove over the page_settings button
Clicked on page_settings button on the  page
Sleeping for 3 seconds after clicking page_settings button
Sleeping for 5 seconds before Content panel is loaded
Content panel displayed
Clicked on Add Indicator section
General  selected
Sleeping for 3 seconds after selecting General
General Data Grid  selected
Sleeping for 3 seconds after selecting General Data Grid
Sleeping for 1 seconds for the mouse to hove over the insert button
Clicked on insert button on the  page
Sleeping for 3 seconds after clicking insert button
Sleeping for 1 seconds for the mouse to hove over the close button
Clicked on close button on the  page
Sleeping for 3 seconds after clicking close button
Sleeping for 5 seconds before General Data Grid grid is loaded
General Data Grid grid displayed
Sleeping for 1 seconds for the mouse to hove over the grid_settings button
Clicked on grid_settings button on the  page
Sleeping for 3 seconds after clicking grid_settings button
Sleeping for 1 seconds for the mouse to hove over the delete button
Clicked on delete button on the  page
Sleeping for 3 seconds after clicking delete button
Sleeping for 1 seconds for the mouse to hove over the confirm_delete button
Clicked on confirm_delete button on the  page
Sleeping for 3 seconds after clicking confirm_delete button
General Data Grid grid not displayed
Browser closed

**************************************************************************************
Status: passed
***************************************************************************************

