# Logfile created on 2019-03-20 21:39:44 -0700 by logger.rb/v1.3.0

**************************************************************************************
Feature: BAT (Smoke Tests)
Scenario: DMW - Happy Path
Tags: ["@Plugins", "@Plugins_BAT", "@Plugins_DMW"]
Total steps: 68
***************************************************************************************

Browser opened
Browser window maximized
Browser cookies deleted
Sleeping for 5 seconds before Studio_landing page is loaded
Predix landing page displayed
Open Application button validated
Page Title matches 'Predix Login'
Predix landing page URL validated
Sleeping for 1 seconds for the mouse to hove over the open_application button
Clicked on open_application button on the  page
Sleeping for 3 seconds after clicking open_application button
Sleeping for 5 seconds before Predix_Studio_login page is loaded
Failed tags added to the failed_tags.txt file
Screenshot from failed tags attached to the html report
Browser closed

**************************************************************************************
Status: failed
***************************************************************************************

