# Logfile created on 2019-03-21 08:11:59 -0700 by logger.rb/v1.3.0

**************************************************************************************
Feature: BAT (Smoke Tests)
Scenario: DMW - Happy Path
Tags: ["@Plugins", "@Plugins_BAT", "@Plugins_BAT_09", "@AppLogs_BAT", "@DMW_BAT_1"]
Total steps: 43
***************************************************************************************

Browser opened
Browser window maximized
Browser cookies deleted
Sleeping for 5 seconds before Studio_landing page is loaded
Predix landing page displayed
Open Application button validated
Page Title matches 'Predix Login'
Predix landing page URL validated
Sleeping for 1 seconds for the mouse to hove over the open_application button
Clicked on open_application button on the  page
Sleeping for 3 seconds after clicking open_application button
Sleeping for 5 seconds before Predix Studio Login page is loaded
Predix Studio Loginis displayed
Validated expected element in  Predix Studio Login page
Validated expected url in  Predix Studio Login page
Validated expected title in  Predix Studio Login page
Entered email and clicked Next
Sleeping for 3 seconds to check credentials on Predix Studio Login page
Sleeping for 5 seconds before Predix Studio Login page is loaded
Single Sign On page displayed
Single Sign On page NOT validated
Failed tags added to the failed_tags.txt file
Screenshot from failed tags attached to the html report
Browser closed

**************************************************************************************
Status: failed
***************************************************************************************

