# Logfile created on 2019-03-28 14:47:22 -0700 by logger.rb/v1.3.0

**************************************************************************************
Feature: BAT (Smoke Tests)
Scenario: RG - Navigate to Registry
Tags: ["@AppEngine", "@AppEngine_BAT", "@AppEngine_BAT_31", "@Studio", "@Studio_BAT", "@Studio_BAT_31"]
Total steps: 4
***************************************************************************************

Browser opened
Browser window maximized
Browser cookies deleted
Sleeping for 5 seconds before Predix_landing page is loaded
Predix landing page displayed
Open Application button validated
Page Title matches 'Predix Login'
Predix landing page URL validated
Sleeping for 1 seconds for the mouse to hove over the open_application button
Clicked on open_application button on the  page
Sleeping for 3 seconds after clicking open_application button
Sleeping for 5 seconds before Predix_login page is loaded
Predix Login page displayed
Predix Login page NOT validated
Entered credentials and clicked Sign In
Sleeping for 3 seconds to check credentials on Predix_Login page
Application authorization not needed
Sleeping for 5 seconds before Welcome page is loaded
Welcomeis displayed
Validated expected element in  Welcome page
Validated expected url in  Welcome page
Validated expected title in  Welcome page
Navigated to Registry Management URL
Sleeping for 10 seconds for the Registry Management to load
Registry Services grid has more than 1 records
Sleeping for 3 seconds to check Registry Services grid has more than 1 records
Registry Locations grid has more than 1 records
Sleeping for 3 seconds to check Registry Locations grid has more than 1 records
Browser closed

**************************************************************************************
Status: passed
***************************************************************************************

