# Logfile created on 2019-03-20 16:33:36 -0700 by logger.rb/v1.3.0

**************************************************************************************
Feature: BAT (Smoke Tests)
Scenario: DMW - Happy Path
Tags: ["@Plugins", "@Plugins_BAT", "@Plugins_DMW"]
Total steps: 76
***************************************************************************************

Browser opened
Browser window maximized
Browser cookies deleted
Sleeping for 5 seconds before Predix_landing page is loaded
Predix landing page displayed
Open Application button validated
Page Title matches 'Predix Login'
Predix landing page URL validated
Sleeping for 1 seconds for the mouse to hove over the open_application button
Clicked on open_application button on the  page
Sleeping for 3 seconds after clicking open_application button
Sleeping for 5 seconds before Predix_login page is loaded
Predix Login page displayed
Predix Login page NOT validated
Entered credentials and clicked Sign In
Sleeping for 3 seconds to check credentials on Predix_Login page
Application authorization not needed
Sleeping for 5 seconds before Welcome page is loaded
Welcomeis displayed
Validated expected element in  Welcome page
Validated expected url in  Welcome page
Validated expected title in  Welcome page
Navigated to Data Management Workbench URL
Sleeping for 10 seconds for the Data Management Workbench to load
Sleeping for 5 seconds before Data Integration Projects panel is loaded
Data Integration Projects panel displayed
Sleeping for 1 seconds for the mouse to hove over the dmw_new_project_button button
Clicked on dmw_new_project_button button on the  page
Sleeping for 3 seconds after clicking dmw_new_project_button button
Sleeping for 5 seconds before Create a New Data Integration Project panel is loaded
Create a New Data Integration Project panel displayed
created ucdihjet project
Sleeping for 5 seconds before Create a New Data Integration Project panel is loaded
Failed tags added to the failed_tags.txt file
Screenshot from failed tags attached to the html report
Browser closed

**************************************************************************************
Status: failed
***************************************************************************************

