# Logfile created on 2019-03-25 17:52:24 -0700 by logger.rb/v1.3.0

**************************************************************************************
Feature: BAT (Smoke Tests)
Scenario: SC - Scheduler Operations
Tags: ["@AppEngine", "@AppEngine_BAT", "@AppEngine_BAT_30", "@Studio", "@Studio_BAT", "@Studio_BAT_30"]
Total steps: 10
***************************************************************************************

Browser opened
Browser window maximized
Browser cookies deleted
Sleeping for 5 seconds before Predix_landing page is loaded
Predix landing page displayed
Open Application button validated
Page Title matches 'Predix Login'
Predix landing page URL validated
Sleeping for 1 seconds for the mouse to hove over the open_application button
Clicked on open_application button on the  page
Sleeping for 3 seconds after clicking open_application button
Sleeping for 5 seconds before Predix_login page is loaded
Predix Login page displayed
Predix Login page NOT validated
Entered credentials and clicked Sign In
Sleeping for 3 seconds to check credentials on Predix_Login page
Application authorization not needed
Sleeping for 5 seconds before Welcome page is loaded
Welcomeis displayed
Validated expected element in  Welcome page
Validated expected url in  Welcome page
Validated expected title in  Welcome page
Navigated to Scheduler Management URL
Sleeping for 10 seconds for the Scheduler Management to load
Clicked on first record from Schedulers grid
Sleeping for 3 seconds waiting after clicking on first record from Schedulers grid
Sleeping for 1 seconds for the mouse to hove over the pause_scheduler button
Clicked on pause_scheduler button on the  page
Sleeping for 3 seconds after clicking pause_scheduler button
Action completed with no errors. message displayed
Sleeping for 3 seconds to check Action completed with no errors. message is displayed
Scheduler icon turned to yellow color
Sleeping for 3 seconds to check Scheduler icon turned to yellow color
Clicked on first record from Schedulers grid
Sleeping for 3 seconds waiting after clicking on first record from Schedulers grid
Sleeping for 1 seconds for the mouse to hove over the start_scheduler button
Clicked on start_scheduler button on the  page
Sleeping for 3 seconds after clicking start_scheduler button
Action completed with no errors. message displayed
Sleeping for 3 seconds to check Action completed with no errors. message is displayed
Scheduler icon turned to green color
Sleeping for 3 seconds to check Scheduler icon turned to green color
Browser closed

**************************************************************************************
Status: passed
***************************************************************************************

