# Logfile created on 2019-03-27 22:09:07 -0700 by logger.rb/v1.3.0

**************************************************************************************
Feature: BAT (Smoke Tests)
Scenario: OT - Validate Indexer Health Page Rendering
Tags: ["@AppEngine", "@AppEngine_BAT", "@AppEngine_BAT_15", "@Studio", "@Studio_BAT", "@Studio_BAT_15"]
Total steps: 11
***************************************************************************************

Browser window maximized
Browser cookies deleted
Sleeping for 5 seconds before Predix_landing page is loaded
Predix landing page displayed
Open Application button validated
Page Title matches 'Predix Login'
Predix landing page URL validated
Sleeping for 1 seconds for the mouse to hove over the open_application button
Clicked on open_application button on the  page
Sleeping for 3 seconds after clicking open_application button
Sleeping for 5 seconds before Predix_login page is loaded
Predix Login page displayed
Predix Login page NOT validated
Entered credentials and clicked Sign In
Sleeping for 3 seconds to check credentials on Predix_Login page
Application authorization not needed
Sleeping for 5 seconds before Welcome page is loaded
Welcomeis displayed
Validated expected element in  Welcome page
Validated expected url in  Welcome page
Validated expected title in  Welcome page
Sleeping for 5 seconds Administration
Sleeping for 4 seconds Administration
Sleeping for 5 seconds Administration
Sleeping for 4 seconds Administration
Sleeping for 5 seconds Administration
Sleeping for 4 seconds Administration
Sleeping for 5 seconds before Indexer Health page is loaded
Indexer Healthis displayed
Validated expected element in  Indexer Health page
Validated expected url in  Indexer Health page
Validated expected title in  Indexer Health page
Sleeping for 5 seconds before Cluster grid is loaded
Cluster grid displayed
Cluster grid has more than 1 records
Sleeping for 3 seconds to check Cluster grid has more than 1 records
Sleeping for 5 seconds before Nodes grid is loaded
Nodes grid displayed
Nodes grid has more than 1 records
Sleeping for 3 seconds to check Nodes grid has more than 1 records
Sleeping for 5 seconds before Indices grid is loaded
Indices grid displayed
Indices grid has more than 1 records
Sleeping for 3 seconds to check Indices grid has more than 1 records
Indexer Health page URL validated
Page Title matches with 'Indexer Health'
Browser closed

**************************************************************************************
Status: passed
***************************************************************************************

