# Logfile created on 2019-03-27 21:30:30 -0700 by logger.rb/v1.3.0

**************************************************************************************
Feature: BAT (Smoke Tests)
Scenario: UR - Check grids
Tags: ["@AppEngine", "@AppEngine_BAT", "@AppEngine_BAT_26", "@Studio", "@Studio_BAT", "@Studio_BAT_26"]
Total steps: 4
***************************************************************************************

Browser window maximized
Browser cookies deleted
Sleeping for 5 seconds before Predix_landing page is loaded
Predix landing page displayed
Open Application button validated
Page Title matches 'Predix Login'
Predix landing page URL validated
Sleeping for 1 seconds for the mouse to hove over the open_application button
Clicked on open_application button on the  page
Sleeping for 3 seconds after clicking open_application button
Sleeping for 5 seconds before Predix_login page is loaded
Predix Login page displayed
Predix Login page NOT validated
Entered credentials and clicked Sign In
Sleeping for 3 seconds to check credentials on Predix_Login page
Application authorization not needed
Sleeping for 5 seconds before Welcome page is loaded
Welcomeis displayed
Validated expected element in  Welcome page
Validated expected url in  Welcome page
Validated expected title in  Welcome page
Navigated to Roles Management URL
Sleeping for 10 seconds for the Roles Management to load
groups grid has more than 1 records
Sleeping for 3 seconds to check groups grid has more than 1 records
policies grid has more than 1 records
Sleeping for 3 seconds to check policies grid has more than 1 records
Browser closed

**************************************************************************************
Status: passed
***************************************************************************************

