# Logfile created on 2019-03-27 21:52:09 -0700 by logger.rb/v1.3.0

**************************************************************************************
Feature: BAT (Smoke Tests)
Scenario: CM - Add Google Key and display the Interactive Map
Tags: ["@AppEngine", "@AppEngine_BAT", "@AppEngine_BAT_01"]
Total steps: 15
***************************************************************************************

Browser window maximized
Browser cookies deleted
Sleeping for 5 seconds before Predix_landing page is loaded
Predix landing page displayed
Open Application button validated
Page Title matches 'Predix Login'
Predix landing page URL validated
Sleeping for 1 seconds for the mouse to hove over the open_application button
Clicked on open_application button on the  page
Sleeping for 3 seconds after clicking open_application button
Sleeping for 5 seconds before Predix_login page is loaded
Predix Login page displayed
Predix Login page NOT validated
Entered credentials and clicked Sign In
Sleeping for 3 seconds to check credentials on Predix_Login page
Application authorization not needed
Sleeping for 5 seconds before Welcome page is loaded
Welcomeis displayed
Validated expected element in  Welcome page
Validated expected url in  Welcome page
Validated expected title in  Welcome page
Navigated to Configuration Manager URL
Sleeping for 10 seconds for the Configuration Manager to load
Manage Configuration grid has more than 1 records
Sleeping for 3 seconds to check Manage Configuration grid has more than 1 records
Sleeping for 9 seconds before entering values in  search box
Entered __GOOGLE_MAPS_API_KEY_ text into name search field and hit enter
Sleeping for 3 seconds after hitting enter for searching
Clicked on __GOOGLE_MAPS_API_KEY_ from Manage Configuration grid
Sleeping for 1 seconds for the mouse to hove over the edit button
Clicked on edit button on the  page
Sleeping for 3 seconds after clicking edit button
Entered AIzaSyALxYGGr6eHrEojBO7dJum4vPnr6xJQIaU  in the Value field
Sleeping for 3 seconds to check AIzaSyALxYGGr6eHrEojBO7dJum4vPnr6xJQIaU entered in the Value field
Sleeping for 1 seconds for the mouse to hove over the update button
Clicked on update button on the  page
Sleeping for 3 seconds after clicking update button
Sleeping for 5 seconds Administration
Sleeping for 4 seconds Administration
Sleeping for 5 seconds Administration
Sleeping for 4 seconds Administration
Sleeping for 5 seconds Administration
Sleeping for 4 seconds Administration
Sleeping for 5 seconds Administration
Sleeping for 4 seconds Administration
Sleeping for 5 seconds Administration
Sleeping for 4 seconds Administration
Sleeping for 5 seconds Administration
Sleeping for 4 seconds Administration
Sleeping for 5 seconds Administration
Sleeping for 4 seconds Administration
Sleeping for 5 seconds Administration
Sleeping for 4 seconds Administration
Sleeping for 5 seconds Administration
Sleeping for 4 seconds Administration
Sleeping for 5 seconds for the page to refresh
Navigated to Interactive Map URL
Sleeping for 10 seconds for the Interactive Map to load
Interactive Map page URL validated
Entered Vancouver text into query search field and hit enter
Sleeping for 3 seconds after hitting enter for searching
Vancouver marker displayed
Sleeping for 3 seconds to check Vancouver marker on the map
Browser closed

**************************************************************************************
Status: passed
***************************************************************************************

